<?xml version="1.0" encoding="UTF-8"?>
<!-- Generated by org.testng.reporters.JUnitReportReporter -->
<testsuite hostname="LAPTOP-TJ2PMSNK" failures="0" tests="2" name="com.crm.qa.testcases.LoginPageTest" time="13.621" errors="0" timestamp="2020-06-25T09:35:34 IST" skipped="0">
  <testcase classname="com.crm.qa.testcases.LoginPageTest" name="loginPageTitleTest" time="7.331"/>
  <system-out/>
  <testcase classname="com.crm.qa.testcases.LoginPageTest" name="loginTest" time="6.290"/>
  <system-out/>
</testsuite> <!-- com.crm.qa.testcases.LoginPageTest -->
