<?xml version="1.0" encoding="UTF-8"?>
<!-- Generated by org.testng.reporters.JUnitReportReporter -->
<testsuite hostname="LAPTOP-TJ2PMSNK" failures="0" tests="4" name="com.crm.qa.testcases.HomePageTest" time="28.005" errors="0" timestamp="2020-06-25T09:29:35 IST" skipped="0">
  <testcase classname="com.crm.qa.testcases.HomePageTest" name="verifyHomePageTitleTest" time="5.608"/>
  <system-out/>
  <testcase classname="com.crm.qa.testcases.HomePageTest" name="verifyCTMLogTest" time="6.865"/>
  <system-out/>
  <testcase classname="com.crm.qa.testcases.HomePageTest" name="clickOnContactsPageTest" time="7.604"/>
  <system-out/>
  <testcase classname="com.crm.qa.testcases.HomePageTest" name="clickOnDealsPageTest" time="7.928"/>
  <system-out/>
</testsuite> <!-- com.crm.qa.testcases.HomePageTest -->
